Determining if the pthread_create exist failed with the following output:
Change Dir: /home/austin/Documents/AMAV/TerpCopter2018/build/CMakeFiles/CMakeTmp

Run Build Command:"/usr/bin/make" "cmTryCompileExec2626640148/fast"
/usr/bin/make -f CMakeFiles/cmTryCompileExec2626640148.dir/build.make CMakeFiles/cmTryCompileExec2626640148.dir/build
make[1]: Entering directory `/home/austin/Documents/AMAV/TerpCopter2018/build/CMakeFiles/CMakeTmp'
/usr/bin/cmake -E cmake_progress_report /home/austin/Documents/AMAV/TerpCopter2018/build/CMakeFiles/CMakeTmp/CMakeFiles 1
Building C object CMakeFiles/cmTryCompileExec2626640148.dir/CheckSymbolExists.c.o
/usr/bin/cc    -o CMakeFiles/cmTryCompileExec2626640148.dir/CheckSymbolExists.c.o   -c /home/austin/Documents/AMAV/TerpCopter2018/build/CMakeFiles/CMakeTmp/CheckSymbolExists.c
Linking C executable cmTryCompileExec2626640148
/usr/bin/cmake -E cmake_link_script CMakeFiles/cmTryCompileExec2626640148.dir/link.txt --verbose=1
/usr/bin/cc       CMakeFiles/cmTryCompileExec2626640148.dir/CheckSymbolExists.c.o  -o cmTryCompileExec2626640148 -rdynamic 
CMakeFiles/cmTryCompileExec2626640148.dir/CheckSymbolExists.c.o: In function `main':
CheckSymbolExists.c:(.text+0x16): undefined reference to `pthread_create'
collect2: error: ld returned 1 exit status
make[1]: Leaving directory `/home/austin/Documents/AMAV/TerpCopter2018/build/CMakeFiles/CMakeTmp'
make[1]: *** [cmTryCompileExec2626640148] Error 1
make: *** [cmTryCompileExec2626640148/fast] Error 2

File /home/austin/Documents/AMAV/TerpCopter2018/build/CMakeFiles/CMakeTmp/CheckSymbolExists.c:
/* */
#include <pthread.h>

int main(int argc, char** argv)
{
  (void)argv;
#ifndef pthread_create
  return ((int*)(&pthread_create))[argc];
#else
  (void)argc;
  return 0;
#endif
}

Determining if the function pthread_create exists in the pthreads failed with the following output:
Change Dir: /home/austin/Documents/AMAV/TerpCopter2018/build/CMakeFiles/CMakeTmp

Run Build Command:"/usr/bin/make" "cmTryCompileExec3664105758/fast"
/usr/bin/make -f CMakeFiles/cmTryCompileExec3664105758.dir/build.make CMakeFiles/cmTryCompileExec3664105758.dir/build
make[1]: Entering directory `/home/austin/Documents/AMAV/TerpCopter2018/build/CMakeFiles/CMakeTmp'
/usr/bin/cmake -E cmake_progress_report /home/austin/Documents/AMAV/TerpCopter2018/build/CMakeFiles/CMakeTmp/CMakeFiles 1
Building C object CMakeFiles/cmTryCompileExec3664105758.dir/CheckFunctionExists.c.o
/usr/bin/cc   -DCHECK_FUNCTION_EXISTS=pthread_create   -o CMakeFiles/cmTryCompileExec3664105758.dir/CheckFunctionExists.c.o   -c /usr/share/cmake-3.2/Modules/CheckFunctionExists.c
Linking C executable cmTryCompileExec3664105758
/usr/bin/cmake -E cmake_link_script CMakeFiles/cmTryCompileExec3664105758.dir/link.txt --verbose=1
/usr/bin/cc   -DCHECK_FUNCTION_EXISTS=pthread_create    CMakeFiles/cmTryCompileExec3664105758.dir/CheckFunctionExists.c.o  -o cmTryCompileExec3664105758 -rdynamic -lpthreads 
/usr/bin/ld: cannot find -lpthreads
collect2: error: ld returned 1 exit status
make[1]: Leaving directory `/home/austin/Documents/AMAV/TerpCopter2018/build/CMakeFiles/CMakeTmp'
make[1]: *** [cmTryCompileExec3664105758] Error 1
make: *** [cmTryCompileExec3664105758/fast] Error 2


